c:\users\clutc\desktop\x\college\c++\advanced c++\finalproj\banking-system\banking-system\banking-system\x64\debug\vc143.pdb
c:\users\clutc\desktop\x\college\c++\advanced c++\finalproj\banking-system\banking-system\banking-system\x64\debug\vc143.idb
c:\users\clutc\desktop\x\college\c++\advanced c++\finalproj\banking-system\banking-system\banking-system\x64\debug\store.obj
c:\users\clutc\desktop\x\college\c++\advanced c++\finalproj\banking-system\banking-system\banking-system\x64\debug\product.obj
c:\users\clutc\desktop\x\college\c++\advanced c++\finalproj\banking-system\banking-system\banking-system\x64\debug\main.obj
c:\users\clutc\desktop\x\college\c++\advanced c++\finalproj\banking-system\banking-system\banking-system\x64\debug\loans.obj
c:\users\clutc\desktop\x\college\c++\advanced c++\finalproj\banking-system\banking-system\banking-system\x64\debug\spending_account.obj
c:\users\clutc\desktop\x\college\c++\advanced c++\finalproj\banking-system\banking-system\banking-system\x64\debug\reserve_account.obj
c:\users\clutc\desktop\x\college\c++\advanced c++\finalproj\banking-system\banking-system\banking-system\x64\debug\growth_account.obj
c:\users\clutc\desktop\x\college\c++\advanced c++\finalproj\banking-system\banking-system\banking-system\x64\debug\bank_account.obj
c:\users\clutc\desktop\x\college\c++\advanced c++\finalproj\banking-system\banking-system\banking-system\x64\debug\transactions.obj
c:\users\clutc\desktop\x\college\c++\advanced c++\finalproj\banking-system\banking-system\x64\debug\banking-system.exe
c:\users\clutc\desktop\x\college\c++\advanced c++\finalproj\banking-system\banking-system\x64\debug\banking-system.pdb
c:\users\clutc\desktop\x\college\c++\advanced c++\finalproj\banking-system\banking-system\banking-system\x64\debug\banking-system.ilk
c:\users\clutc\desktop\x\college\c++\advanced c++\finalproj\banking-system\banking-system\banking-system\x64\debug\banking-system.tlog\cl.command.1.tlog
c:\users\clutc\desktop\x\college\c++\advanced c++\finalproj\banking-system\banking-system\banking-system\x64\debug\banking-system.tlog\cl.items.tlog
c:\users\clutc\desktop\x\college\c++\advanced c++\finalproj\banking-system\banking-system\banking-system\x64\debug\banking-system.tlog\cl.read.1.tlog
c:\users\clutc\desktop\x\college\c++\advanced c++\finalproj\banking-system\banking-system\banking-system\x64\debug\banking-system.tlog\cl.write.1.tlog
c:\users\clutc\desktop\x\college\c++\advanced c++\finalproj\banking-system\banking-system\banking-system\x64\debug\banking-system.tlog\link.command.1.tlog
c:\users\clutc\desktop\x\college\c++\advanced c++\finalproj\banking-system\banking-system\banking-system\x64\debug\banking-system.tlog\link.read.1.tlog
c:\users\clutc\desktop\x\college\c++\advanced c++\finalproj\banking-system\banking-system\banking-system\x64\debug\banking-system.tlog\link.secondary.1.tlog
c:\users\clutc\desktop\x\college\c++\advanced c++\finalproj\banking-system\banking-system\banking-system\x64\debug\banking-system.tlog\link.write.1.tlog
